<?xml version="1.0" encoding="UTF-8"?>
<testng-results ignored="0" total="1" passed="1" failed="0" skipped="0">
  <reporter-output>
  </reporter-output>
  <suite started-at="2024-09-24T07:01:03 CDT" name="Default suite" finished-at="2024-09-24T07:01:03 CDT" duration-ms="55">
    <groups>
    </groups>
    <test started-at="2024-09-24T07:01:03 CDT" name="Default test" finished-at="2024-09-24T07:01:03 CDT" duration-ms="55">
      <class name="com.java.javaprograms.reverse">
        <test-method signature="revers1e()[pri:0, instance:com.java.javaprograms.reverse@692f203f]" started-at="2024-09-24T07:01:03 CDT" name="revers1e" finished-at="2024-09-24T07:01:03 CDT" duration-ms="15" status="PASS">
          <reporter-output>
          </reporter-output>
        </test-method> <!-- revers1e -->
      </class> <!-- com.java.javaprograms.reverse -->
    </test> <!-- Default test -->
  </suite> <!-- Default suite -->
</testng-results>
